<?xml version="1.0" encoding="UTF-8"?>
<!-- Generated by org.testng.reporters.JUnitXMLReporter -->
<testsuite ignored="0" hostname="LIN51010137" failures="1" tests="1" name="Test(failed)(failed)" time="21.137" errors="0" timestamp="2024-03-22T22:25:01 IST">
  <testcase classname="testclasses.TC_002_LoginTest" name="verify_login" time="2.746">
    <failure type="java.lang.AssertionError" message="expected [false] but found [true]">
      <![CDATA[java.lang.AssertionError: expected [false] but found [true]
at testclasses.TC_002_LoginTest.verify_login(TC_002_LoginTest.java:22)
at java.base/java.util.ArrayList.forEach(ArrayList.java:1511)
... Removed 31 stack frames]]>
    </failure>
  </testcase> <!-- verify_login -->
</testsuite> <!-- Test(failed)(failed) -->
