<?xml version="1.0" encoding="UTF-8"?>
<testng-results ignored="0" total="2" passed="2" failed="0" skipped="0">
  <reporter-output>
  </reporter-output>
  <suite started-at="2024-03-23T21:36:51 IST" name="Suite" finished-at="2024-03-23T21:37:28 IST" duration-ms="36266">
    <groups>
      <group name="regression">
        <method signature="TC_002_LoginTest.verify_login()[pri:0, instance:testclasses.TC_002_LoginTest@15ff3e9e]" name="verify_login" class="testclasses.TC_002_LoginTest"/>
      </group> <!-- regression -->
      <group name="sanity">
        <method signature="TC_001_AccountRegistrationTest.verify_account_registration()[pri:0, instance:testclasses.TC_001_AccountRegistrationTest@1d9b7cce]" name="verify_account_registration" class="testclasses.TC_001_AccountRegistrationTest"/>
      </group> <!-- sanity -->
      <group name="master">
        <method signature="TC_001_AccountRegistrationTest.verify_account_registration()[pri:0, instance:testclasses.TC_001_AccountRegistrationTest@1d9b7cce]" name="verify_account_registration" class="testclasses.TC_001_AccountRegistrationTest"/>
        <method signature="TC_002_LoginTest.verify_login()[pri:0, instance:testclasses.TC_002_LoginTest@15ff3e9e]" name="verify_login" class="testclasses.TC_002_LoginTest"/>
      </group> <!-- master -->
    </groups>
    <test started-at="2024-03-23T21:36:51 IST" name="Test" finished-at="2024-03-23T21:37:28 IST" duration-ms="36266">
      <class name="testclasses.TC_001_AccountRegistrationTest">
        <test-method is-config="true" signature="setUp(java.lang.String,java.lang.String)[pri:0, instance:testclasses.TC_001_AccountRegistrationTest@1d9b7cce]" started-at="2024-03-23T21:36:52 IST" name="setUp" finished-at="2024-03-23T21:37:08 IST" duration-ms="15887" status="PASS">
          <params>
            <param index="0">
              <value>
                <![CDATA[chrome]]>
              </value>
            </param>
            <param index="1">
              <value>
                <![CDATA[windows]]>
              </value>
            </param>
          </params>
          <reporter-output>
          </reporter-output>
        </test-method> <!-- setUp -->
        <test-method signature="verify_account_registration()[pri:0, instance:testclasses.TC_001_AccountRegistrationTest@1d9b7cce]" started-at="2024-03-23T21:37:08 IST" name="verify_account_registration" finished-at="2024-03-23T21:37:13 IST" duration-ms="4546" status="PASS">
          <reporter-output>
          </reporter-output>
        </test-method> <!-- verify_account_registration -->
        <test-method is-config="true" signature="tearDown()[pri:0, instance:testclasses.TC_001_AccountRegistrationTest@1d9b7cce]" started-at="2024-03-23T21:37:13 IST" name="tearDown" finished-at="2024-03-23T21:37:14 IST" duration-ms="908" status="PASS">
          <reporter-output>
          </reporter-output>
        </test-method> <!-- tearDown -->
      </class> <!-- testclasses.TC_001_AccountRegistrationTest -->
      <class name="testclasses.TC_002_LoginTest">
        <test-method is-config="true" signature="setUp(java.lang.String,java.lang.String)[pri:0, instance:testclasses.TC_002_LoginTest@15ff3e9e]" started-at="2024-03-23T21:37:14 IST" name="setUp" finished-at="2024-03-23T21:37:24 IST" duration-ms="10090" status="PASS">
          <params>
            <param index="0">
              <value>
                <![CDATA[chrome]]>
              </value>
            </param>
            <param index="1">
              <value>
                <![CDATA[windows]]>
              </value>
            </param>
          </params>
          <reporter-output>
          </reporter-output>
        </test-method> <!-- setUp -->
        <test-method signature="verify_login()[pri:0, instance:testclasses.TC_002_LoginTest@15ff3e9e]" started-at="2024-03-23T21:37:24 IST" name="verify_login" finished-at="2024-03-23T21:37:27 IST" duration-ms="3048" status="PASS">
          <reporter-output>
          </reporter-output>
        </test-method> <!-- verify_login -->
        <test-method is-config="true" signature="tearDown()[pri:0, instance:testclasses.TC_002_LoginTest@15ff3e9e]" started-at="2024-03-23T21:37:27 IST" name="tearDown" finished-at="2024-03-23T21:37:28 IST" duration-ms="595" status="PASS">
          <reporter-output>
          </reporter-output>
        </test-method> <!-- tearDown -->
      </class> <!-- testclasses.TC_002_LoginTest -->
    </test> <!-- Test -->
  </suite> <!-- Suite -->
</testng-results>
