<?xml version="1.0" encoding="UTF-8"?>
<testng-results ignored="0" total="2" passed="2" failed="0" skipped="0">
  <reporter-output>
  </reporter-output>
  <suite started-at="2024-03-28T07:51:58 IST" name="Suite" finished-at="2024-03-28T07:52:33 IST" duration-ms="35307">
    <groups>
      <group name="regression">
        <method signature="TC_002_LoginTest.verify_login()[pri:0, instance:testclasses.TC_002_LoginTest@15ff3e9e]" name="verify_login" class="testclasses.TC_002_LoginTest"/>
      </group> <!-- regression -->
      <group name="sanity">
        <method signature="TC_001_AccountRegistrationTest.verify_account_registration()[pri:0, instance:testclasses.TC_001_AccountRegistrationTest@1d9b7cce]" name="verify_account_registration" class="testclasses.TC_001_AccountRegistrationTest"/>
      </group> <!-- sanity -->
      <group name="master">
        <method signature="TC_001_AccountRegistrationTest.verify_account_registration()[pri:0, instance:testclasses.TC_001_AccountRegistrationTest@1d9b7cce]" name="verify_account_registration" class="testclasses.TC_001_AccountRegistrationTest"/>
        <method signature="TC_002_LoginTest.verify_login()[pri:0, instance:testclasses.TC_002_LoginTest@15ff3e9e]" name="verify_login" class="testclasses.TC_002_LoginTest"/>
      </group> <!-- master -->
    </groups>
    <test started-at="2024-03-28T07:51:58 IST" name="Test" finished-at="2024-03-28T07:52:33 IST" duration-ms="35307">
      <class name="testclasses.TC_001_AccountRegistrationTest">
        <test-method is-config="true" signature="setUp(java.lang.String,java.lang.String)[pri:0, instance:testclasses.TC_001_AccountRegistrationTest@1d9b7cce]" started-at="2024-03-28T07:51:59 IST" name="setUp" finished-at="2024-03-28T07:52:16 IST" duration-ms="17003" status="PASS">
          <params>
            <param index="0">
              <value>
                <![CDATA[chrome]]>
              </value>
            </param>
            <param index="1">
              <value>
                <![CDATA[windows]]>
              </value>
            </param>
          </params>
          <reporter-output>
          </reporter-output>
        </test-method> <!-- setUp -->
        <test-method signature="verify_account_registration()[pri:0, instance:testclasses.TC_001_AccountRegistrationTest@1d9b7cce]" started-at="2024-03-28T07:52:16 IST" name="verify_account_registration" finished-at="2024-03-28T07:52:20 IST" duration-ms="4553" status="PASS">
          <reporter-output>
          </reporter-output>
        </test-method> <!-- verify_account_registration -->
        <test-method is-config="true" signature="tearDown()[pri:0, instance:testclasses.TC_001_AccountRegistrationTest@1d9b7cce]" started-at="2024-03-28T07:52:20 IST" name="tearDown" finished-at="2024-03-28T07:52:21 IST" duration-ms="741" status="PASS">
          <reporter-output>
          </reporter-output>
        </test-method> <!-- tearDown -->
      </class> <!-- testclasses.TC_001_AccountRegistrationTest -->
      <class name="testclasses.TC_002_LoginTest">
        <test-method is-config="true" signature="setUp(java.lang.String,java.lang.String)[pri:0, instance:testclasses.TC_002_LoginTest@15ff3e9e]" started-at="2024-03-28T07:52:21 IST" name="setUp" finished-at="2024-03-28T07:52:29 IST" duration-ms="8066" status="PASS">
          <params>
            <param index="0">
              <value>
                <![CDATA[chrome]]>
              </value>
            </param>
            <param index="1">
              <value>
                <![CDATA[windows]]>
              </value>
            </param>
          </params>
          <reporter-output>
          </reporter-output>
        </test-method> <!-- setUp -->
        <test-method signature="verify_login()[pri:0, instance:testclasses.TC_002_LoginTest@15ff3e9e]" started-at="2024-03-28T07:52:29 IST" name="verify_login" finished-at="2024-03-28T07:52:32 IST" duration-ms="3273" status="PASS">
          <reporter-output>
          </reporter-output>
        </test-method> <!-- verify_login -->
        <test-method is-config="true" signature="tearDown()[pri:0, instance:testclasses.TC_002_LoginTest@15ff3e9e]" started-at="2024-03-28T07:52:32 IST" name="tearDown" finished-at="2024-03-28T07:52:33 IST" duration-ms="689" status="PASS">
          <reporter-output>
          </reporter-output>
        </test-method> <!-- tearDown -->
      </class> <!-- testclasses.TC_002_LoginTest -->
    </test> <!-- Test -->
  </suite> <!-- Suite -->
</testng-results>
